nohup: ignoring input
2025-06-17 17:52:47.974185: I tensorflow/core/util/port.cc:153] oneDNN custom operations are on. You may see slightly different numerical results due to floating-point round-off errors from different computation orders. To turn them off, set the environment variable `TF_ENABLE_ONEDNN_OPTS=0`.
2025-06-17 17:52:47.989636: E external/local_xla/xla/stream_executor/cuda/cuda_fft.cc:467] Unable to register cuFFT factory: Attempting to register factory for plugin cuFFT when one has already been registered
WARNING: All log messages before absl::InitializeLog() is called are written to STDERR
E0000 00:00:1750175568.007689 1159718 cuda_dnn.cc:8579] Unable to register cuDNN factory: Attempting to register factory for plugin cuDNN when one has already been registered
E0000 00:00:1750175568.013188 1159718 cuda_blas.cc:1407] Unable to register cuBLAS factory: Attempting to register factory for plugin cuBLAS when one has already been registered
W0000 00:00:1750175568.027620 1159718 computation_placer.cc:177] computation placer already registered. Please check linkage and avoid linking the same target more than once.
W0000 00:00:1750175568.027646 1159718 computation_placer.cc:177] computation placer already registered. Please check linkage and avoid linking the same target more than once.
W0000 00:00:1750175568.027649 1159718 computation_placer.cc:177] computation placer already registered. Please check linkage and avoid linking the same target more than once.
W0000 00:00:1750175568.027652 1159718 computation_placer.cc:177] computation placer already registered. Please check linkage and avoid linking the same target more than once.
2025-06-17 17:52:48.032082: I tensorflow/core/platform/cpu_feature_guard.cc:210] This TensorFlow binary is optimized to use available CPU instructions in performance-critical operations.
To enable the following instructions: AVX2 AVX512F AVX512_VNNI FMA, in other operations, rebuild TensorFlow with the appropriate compiler flags.
I0000 00:00:1750175571.109266 1159718 gpu_device.cc:2019] Created device /job:localhost/replica:0/task:0/device:GPU:0 with 46551 MB memory:  -> device: 0, name: NVIDIA RTX 6000 Ada Generation, pci bus id: 0000:61:00.0, compute capability: 8.9
Traceback (most recent call last):
  File "/home/ainsworth/master/incept_conv1d.py", line 270, in <module>
    main(tfrecord_path_pattern=args.tfrecord_glob, epochs=args.epochs)
  File "/home/ainsworth/master/incept_conv1d.py", line 227, in main
    model = build_pointnet2_surface_model()
            ^^^^^^^^^^^^^^^^^^^^^^^^^^^^^^^
  File "/home/ainsworth/master/incept_conv1d.py", line 161, in build_pointnet2_surface_model
    x = inception_module_1d(x, n=n)
                                 ^
NameError: name 'n' is not defined
